BUILD LOG
---------
Build Time: 2013-06-14T15:55:09

NODEJS INFORMATION
==================
nodejs: v0.10.4
chai: 1.6.1
grunt: 0.4.1
grunt-audit: 0.0.0
grunt-contrib-uglify: 0.2.2
grunt-contrib-yuidoc: 0.4.0
grunt-karma-0.9.1: 0.4.3
karma: 0.9.2
karma-chrome-launcher: 0.0.1
karma-coffee-preprocessor: 0.0.1
karma-crbot-reporter: 0.0.3
karma-firefox-launcher: 0.0.2
karma-jasmine: 0.0.1
karma-mocha: 0.0.1
karma-phantomjs-launcher: 0.0.2
karma-requirejs: 0.0.1
karma-script-launcher: 0.0.1
mocha: 1.10.0

REPO REVISIONS
==============
polymer: b69098df7812ba146446d8e51f7423281f8949a8
platform: c04b8505d947fd249a1cfb0b3d1dd7865fd25c49
ShadowDOM: c4c0b64e36ded9784747596aae7a95f4f9a96ba2
HTMLImports: 7960a892cd4461333809605c3806ba4da699b1f0
CustomElements: 76bfa07e8bfd5ed75c0c14682a66c40600e6baa0
PointerEvents: 9bab6b80e74fcbbdb4145286aae264ae54175419
PointerGestures: d6328b1e65daf111720f76b70f6d469a91a96335
mdv: 50d4074d05bd57cd8f76ba7952bf740a7386c1ce

BUILD HASHES
============
polymer.min.js: 88c08996994ebccf450e9a196af526d0ca633690
polymer.native.min.js: 4f966c0f59a909dd3ac28068f1164016551ec179
polymer.sandbox.min.js: 1160646e677801084c4deba713c0a90995ce87a0