gulp-google-closure-compiler: externs/closure-types.js:1053: WARNING - property connectedCallback not defined on any supertype of Polymer_ElementMixin
Polymer_ElementMixin.prototype.connectedCallback = function(){};
^^^^^^^^^^^^^^^^^^^^^^^^^^^^^^^^^^^^^^^^^^^^^^^^

externs/closure-types.js:1057: WARNING - property disconnectedCallback not defined on any supertype of Polymer_ElementMixin
Polymer_ElementMixin.prototype.disconnectedCallback = function(){};
^^^^^^^^^^^^^^^^^^^^^^^^^^^^^^^^^^^^^^^^^^^^^^^^^^^

externs/closure-types.js:2036: WARNING - property mutableData on interface Polymer_OptionalMutableData is not implemented by type OptionalMutableData
Polymer_OptionalMutableData.prototype.mutableData;
^^^^^^^^^^^^^^^^^^^^^^^^^^^^^^^^^^^^^^^^^^^^^^^^^

externs/closure-types.js:2051: WARNING - property items on interface Polymer_ArraySelectorMixin is not implemented by type ArraySelectorMixin
Polymer_ArraySelectorMixin.prototype.items;
^^^^^^^^^^^^^^^^^^^^^^^^^^^^^^^^^^^^^^^^^^

externs/closure-types.js:2054: WARNING - property multi on interface Polymer_ArraySelectorMixin is not implemented by type ArraySelectorMixin
Polymer_ArraySelectorMixin.prototype.multi;
^^^^^^^^^^^^^^^^^^^^^^^^^^^^^^^^^^^^^^^^^^

externs/closure-types.js:2063: WARNING - property toggle on interface Polymer_ArraySelectorMixin is not implemented by type ArraySelectorMixin
Polymer_ArraySelectorMixin.prototype.toggle;
^^^^^^^^^^^^^^^^^^^^^^^^^^^^^^^^^^^^^^^^^^^

polymer.html_script_26.js:173: WARNING - Property mutableData never defined on this of type OptionalMutableData
        return mutablePropertyChange(this, property, value, old, this.mutableData);
                                                                 ^^^^^^^^^^^^^^^^

polymer.html_script_31.js:318: WARNING - Property as never defined on this of type DomRepeat{template: Element|null}
        instanceProps[this.as] = true;
                      ^^^^^^^

polymer.html_script_31.js:319: WARNING - Property indexAs never defined on this of type DomRepeat{template: Element|null}
        instanceProps[this.indexAs] = true;
                      ^^^^^^^^^^^^

polymer.html_script_31.js:320: WARNING - Property itemsIndexAs never defined on this of type DomRepeat{template: Element|null}
        instanceProps[this.itemsIndexAs] = true;
                      ^^^^^^^^^^^^^^^^^

polymer.html_script_31.js:418: WARNING - Property _targetFrameTime never defined on this of type DomRepeat
      let ratio = this._targetFrameTime / (currChunkTime - this.__lastChunkTime);
                  ^^^^^^^^^^^^^^^^^^^^^

polymer.html_script_31.js:450: WARNING - Property delay never defined on this of type DomRepeat{__observePaths: truthy}
            this.__debounceRender(this.__render, this.delay);
                                                 ^^^^^^^^^^

polymer.html_script_31.js:495: WARNING - Property _setRenderedItemCount never defined on this of type DomRepeat{__pool: {length: number} (loose)}
      this._setRenderedItemCount(this.__instances.length);
      ^^^^^^^^^^^^^^^^^^^^^^^^^^

polymer.html_script_31.js:531: WARNING - Property as never defined on this of type DomRepeat{__instances: Object, __itemsIdxToInstIdx: Object{}, __limit: number, items: ?=}
          inst._setPendingProperty(this.as, item);
                                   ^^^^^^^

polymer.html_script_31.js:532: WARNING - Property indexAs never defined on this of type DomRepeat{__instances: Object, __itemsIdxToInstIdx: Object{}, __limit: number, items: ?=}
          inst._setPendingProperty(this.indexAs, instIdx);
                                   ^^^^^^^^^^^^

polymer.html_script_31.js:533: WARNING - Property itemsIndexAs never defined on this of type DomRepeat{__instances: Object, __itemsIdxToInstIdx: Object{}, __limit: number, items: ?=}
          inst._setPendingProperty(this.itemsIndexAs, itemIdx);
                                   ^^^^^^^^^^^^^^^^^

polymer.html_script_31.js:569: WARNING - Property as never defined on this of type DomRepeat
      model[this.as] = item;
            ^^^^^^^

polymer.html_script_31.js:570: WARNING - Property indexAs never defined on this of type DomRepeat
      model[this.indexAs] = instIdx;
            ^^^^^^^^^^^^

polymer.html_script_31.js:571: WARNING - Property itemsIndexAs never defined on this of type DomRepeat
      model[this.itemsIndexAs] = itemIdx;
            ^^^^^^^^^^^^^^^^^

polymer.html_script_31.js:580: WARNING - Property as never defined on this of type DomRepeat{__pool: {pop: LOOSE_TOP_FUNCTION} (loose)}
        inst._setPendingProperty(this.as, item);
                                 ^^^^^^^

polymer.html_script_31.js:581: WARNING - Property indexAs never defined on this of type DomRepeat{__pool: {pop: LOOSE_TOP_FUNCTION} (loose)}
        inst._setPendingProperty(this.indexAs, instIdx);
                                 ^^^^^^^^^^^^

polymer.html_script_31.js:582: WARNING - Property itemsIndexAs never defined on this of type DomRepeat{__pool: {pop: LOOSE_TOP_FUNCTION} (loose)}
        inst._setPendingProperty(this.itemsIndexAs, itemIdx);
                                 ^^^^^^^^^^^^^^^^^

polymer.html_script_31.js:619: WARNING - Property as never defined on this of type DomRepeat{__instances: Object, __itemsIdxToInstIdx: Object}
          let itemPath = this.as + (itemSubPath ? '.' + itemSubPath : '');
                         ^^^^^^^

polymer.html_script_31.js:642: WARNING - Property as never defined on this of type DomRepeat
      return instance && instance[this.as];
                                  ^^^^^^^

polymer.html_script_31.js:656: WARNING - Property indexAs never defined on this of type DomRepeat
      return instance && instance[this.indexAs];
                                  ^^^^^^^^^^^^

polymer.html_script_32.js:245: WARNING - Property if never defined on this of type DomIf
      let hidden = this.__hideTemplateChildren__ || !this.if;
                                                     ^^^^^^^

polymer.html_script_33.js:154: WARNING - Property items never defined on this of type ArraySelectorMixin
            if (selected.has(this.items[idx])) {
                             ^^^^^^^^^^

polymer.html_script_33.js:155: WARNING - Property items never defined on this of type ArraySelectorMixin
              selected.set(this.items[idx], idx);
                           ^^^^^^^^^^

polymer.html_script_33.js:228: WARNING - Property items never defined on this of type ArraySelectorMixin
        return this.isSelected(this.items[idx]);
                               ^^^^^^^^^^

polymer.html_script_33.js:278: WARNING - Property items never defined on this of type ArraySelectorMixin
        this.deselect(this.items[idx]);
                      ^^^^^^^^^^

polymer.html_script_33.js:288: WARNING - Property items never defined on this of type ArraySelectorMixin
        this.selectIndex(this.items.indexOf(item));
                         ^^^^^^^^^^

polymer.html_script_33.js:298: WARNING - Property items never defined on this of type ArraySelectorMixin
        let item = this.items[idx];
                   ^^^^^^^^^^

polymer.html_script_35.js:5: WARNING - Property _mutablePropertyChange never defined on Polymer.MutableData of type function(?):?
  let mutablePropertyChange = Polymer.MutableData._mutablePropertyChange;
                              ^^^^^^^^^^^^^^^^^^^^^^^^^^^^^^^^^^^^^^^^^^

0 error(s), 33 warning(s), 75.7% typed
