BUILD LOG
---------
Build Time: 2014-06-13T10:44:42

NODEJS INFORMATION
==================
nodejs: v0.10.22
chai: 1.9.1
grunt: 0.4.4
grunt-audit: 0.0.3
grunt-concat-sourcemap: 0.4.1
grunt-contrib-concat: 0.4.0
grunt-contrib-uglify: 0.4.0
grunt-contrib-yuidoc: 0.5.2
grunt-karma: 0.8.3
karma: 0.12.14
karma-crbot-reporter: 0.0.4
karma-firefox-launcher: 0.1.3
karma-ie-launcher: 0.1.5
karma-mocha: 0.1.3
karma-safari-launcher: 0.1.1
karma-script-launcher: 0.1.0
mocha: 1.18.2
Platform: 0.3.2

REPO REVISIONS
==============
CustomElements: fb07153479152bec116b7f4beb19bf7d63955963
HTMLImports: aa287e4ece4f7b822156d15255da59b246c9f4c9
NodeBind: c47bc1b40d1cf0123b29620820a7111471e83ff3
ShadowDOM: 527721ae2d61213932f0660632c486909db26320
TemplateBinding: c313a291bf4e43033eb998d07c55871a860ff576
WeakMap: a0947a9a0f58f5733f464755c3b86de624b00a5d
observe-js: c701be123a9b66c922fcad9e3cceba4e7907b3be
platform-dev: 6c4efcc8cce9ee5aec1175edae586ce9baaf987c

BUILD HASHES
============
build/platform.js: 83861da8eadd85c5e3e37c0315d4c5e065bf15aa