BUILD LOG
---------
Build Time: 2014-06-11T17:06:17

NODEJS INFORMATION
==================
nodejs: v0.10.28
chai: 1.9.1
grunt: 0.4.5
grunt-audit: 0.0.3
grunt-contrib-uglify: 0.4.0
grunt-contrib-yuidoc: 0.5.2
grunt-karma: 0.8.3
grunt-string-replace: 0.2.7
karma: 0.12.16
karma-crbot-reporter: 0.0.4
karma-firefox-launcher: 0.1.3
karma-ie-launcher: 0.1.5
karma-mocha: 0.1.3
karma-safari-launcher: 0.1.1
karma-script-launcher: 0.1.0
mocha: 1.20.1

REPO REVISIONS
==============
polymer-expressions: 436c365793a86185cbc72d416d833961110427f9
polymer-gestures: 94d6f9c39593ecd325ada1d2c4061eb9e7b9b1fc
polymer-dev: f93ff3dc35c6c23c9aa1ba756803ff90b34ccda6

BUILD HASHES
============
build/polymer.js: 69ea7ec0a7261a564f56546c49ec3edf3715737e